{"error":{},"level":"error","message":"uncaughtException: winston.transports.File is not a constructor\nTypeError: winston.transports.File is not a constructor\n    at Object.<anonymous> (C:\\Users\\RedBox168\\Documents\\Projects\\undi-undi\\Document\\undi-undi\\src\\index.ts:36:5)\n    at Module._compile (internal/modules/cjs/loader.js:955:30)\n    at Module.m._compile (C:\\Users\\RedBox168\\Documents\\Projects\\undi-undi\\Document\\undi-undi\\node_modules\\ts-node\\src\\index.ts:814:23)\n    at Module._extensions..js (internal/modules/cjs/loader.js:991:10)\n    at Object.require.extensions.<computed> [as .ts] (C:\\Users\\RedBox168\\Documents\\Projects\\undi-undi\\Document\\undi-undi\\node_modules\\ts-node\\src\\index.ts:817:12)\n    at Module.load (internal/modules/cjs/loader.js:811:32)\n    at Function.Module._load (internal/modules/cjs/loader.js:723:14)\n    at Function.Module.runMain (internal/modules/cjs/loader.js:1043:10)\n    at main (C:\\Users\\RedBox168\\Documents\\Projects\\undi-undi\\Document\\undi-undi\\node_modules\\ts-node\\src\\bin.ts:226:14)\n    at Object.<anonymous> (C:\\Users\\RedBox168\\Documents\\Projects\\undi-undi\\Document\\undi-undi\\node_modules\\ts-node\\src\\bin.ts:485:3)","stack":"TypeError: winston.transports.File is not a constructor\n    at Object.<anonymous> (C:\\Users\\RedBox168\\Documents\\Projects\\undi-undi\\Document\\undi-undi\\src\\index.ts:36:5)\n    at Module._compile (internal/modules/cjs/loader.js:955:30)\n    at Module.m._compile (C:\\Users\\RedBox168\\Documents\\Projects\\undi-undi\\Document\\undi-undi\\node_modules\\ts-node\\src\\index.ts:814:23)\n    at Module._extensions..js (internal/modules/cjs/loader.js:991:10)\n    at Object.require.extensions.<computed> [as .ts] (C:\\Users\\RedBox168\\Documents\\Projects\\undi-undi\\Document\\undi-undi\\node_modules\\ts-node\\src\\index.ts:817:12)\n    at Module.load (internal/modules/cjs/loader.js:811:32)\n    at Function.Module._load (internal/modules/cjs/loader.js:723:14)\n    at Function.Module.runMain (internal/modules/cjs/loader.js:1043:10)\n    at main (C:\\Users\\RedBox168\\Documents\\Projects\\undi-undi\\Document\\undi-undi\\node_modules\\ts-node\\src\\bin.ts:226:14)\n    at Object.<anonymous> (C:\\Users\\RedBox168\\Documents\\Projects\\undi-undi\\Document\\undi-undi\\node_modules\\ts-node\\src\\bin.ts:485:3)","exception":true,"date":"Thu Feb 13 2020 14:53:24 GMT+0700 (Western Indonesia Time)","process":{"pid":21124,"uid":null,"gid":null,"cwd":"C:\\Users\\RedBox168\\Documents\\Projects\\undi-undi\\Document\\undi-undi","execPath":"C:\\Program Files\\nodejs\\node.exe","version":"v12.14.1","argv":["C:\\Users\\RedBox168\\Documents\\Projects\\undi-undi\\Document\\undi-undi\\node_modules\\ts-node\\dist\\bin.js","C:\\Users\\RedBox168\\Documents\\Projects\\undi-undi\\Document\\undi-undi\\src\\index.ts"],"memoryUsage":{"rss":584388608,"heapTotal":220741632,"heapUsed":193949856,"external":2039673}},"os":{"loadavg":[0,0,0],"uptime":23703},"trace":[{"column":5,"file":"C:\\Users\\RedBox168\\Documents\\Projects\\undi-undi\\Document\\undi-undi\\src\\index.ts","function":null,"line":36,"method":null,"native":false},{"column":30,"file":"internal/modules/cjs/loader.js","function":"Module._compile","line":955,"method":"_compile","native":false},{"column":23,"file":"C:\\Users\\RedBox168\\Documents\\Projects\\undi-undi\\Document\\undi-undi\\node_modules\\ts-node\\src\\index.ts","function":"Module.m._compile","line":814,"method":"_compile","native":false},{"column":10,"file":"internal/modules/cjs/loader.js","function":"Module._extensions..js","line":991,"method":".js","native":false},{"column":12,"file":"C:\\Users\\RedBox168\\Documents\\Projects\\undi-undi\\Document\\undi-undi\\node_modules\\ts-node\\src\\index.ts","function":"Object.require.extensions.<computed> [as .ts]","line":817,"method":"ts]","native":false},{"column":32,"file":"internal/modules/cjs/loader.js","function":"Module.load","line":811,"method":"load","native":false},{"column":14,"file":"internal/modules/cjs/loader.js","function":"Module._load","line":723,"method":"_load","native":false},{"column":10,"file":"internal/modules/cjs/loader.js","function":"Module.runMain","line":1043,"method":"runMain","native":false},{"column":14,"file":"C:\\Users\\RedBox168\\Documents\\Projects\\undi-undi\\Document\\undi-undi\\node_modules\\ts-node\\src\\bin.ts","function":"main","line":226,"method":null,"native":false},{"column":3,"file":"C:\\Users\\RedBox168\\Documents\\Projects\\undi-undi\\Document\\undi-undi\\node_modules\\ts-node\\src\\bin.ts","function":null,"line":485,"method":null,"native":false}],"timestamp":"2020-02-13T07:53:24.734Z"}
{"error":{},"level":"error","message":"uncaughtException: winston.transports.File is not a constructor\nTypeError: winston.transports.File is not a constructor\n    at Object.<anonymous> (C:\\Users\\RedBox168\\Documents\\Projects\\undi-undi\\Document\\undi-undi\\src\\index.ts:36:5)\n    at Module._compile (internal/modules/cjs/loader.js:955:30)\n    at Module.m._compile (C:\\Users\\RedBox168\\Documents\\Projects\\undi-undi\\Document\\undi-undi\\node_modules\\ts-node\\src\\index.ts:814:23)\n    at Module._extensions..js (internal/modules/cjs/loader.js:991:10)\n    at Object.require.extensions.<computed> [as .ts] (C:\\Users\\RedBox168\\Documents\\Projects\\undi-undi\\Document\\undi-undi\\node_modules\\ts-node\\src\\index.ts:817:12)\n    at Module.load (internal/modules/cjs/loader.js:811:32)\n    at Function.Module._load (internal/modules/cjs/loader.js:723:14)\n    at Function.Module.runMain (internal/modules/cjs/loader.js:1043:10)\n    at main (C:\\Users\\RedBox168\\Documents\\Projects\\undi-undi\\Document\\undi-undi\\node_modules\\ts-node\\src\\bin.ts:226:14)\n    at Object.<anonymous> (C:\\Users\\RedBox168\\Documents\\Projects\\undi-undi\\Document\\undi-undi\\node_modules\\ts-node\\src\\bin.ts:485:3)","stack":"TypeError: winston.transports.File is not a constructor\n    at Object.<anonymous> (C:\\Users\\RedBox168\\Documents\\Projects\\undi-undi\\Document\\undi-undi\\src\\index.ts:36:5)\n    at Module._compile (internal/modules/cjs/loader.js:955:30)\n    at Module.m._compile (C:\\Users\\RedBox168\\Documents\\Projects\\undi-undi\\Document\\undi-undi\\node_modules\\ts-node\\src\\index.ts:814:23)\n    at Module._extensions..js (internal/modules/cjs/loader.js:991:10)\n    at Object.require.extensions.<computed> [as .ts] (C:\\Users\\RedBox168\\Documents\\Projects\\undi-undi\\Document\\undi-undi\\node_modules\\ts-node\\src\\index.ts:817:12)\n    at Module.load (internal/modules/cjs/loader.js:811:32)\n    at Function.Module._load (internal/modules/cjs/loader.js:723:14)\n    at Function.Module.runMain (internal/modules/cjs/loader.js:1043:10)\n    at main (C:\\Users\\RedBox168\\Documents\\Projects\\undi-undi\\Document\\undi-undi\\node_modules\\ts-node\\src\\bin.ts:226:14)\n    at Object.<anonymous> (C:\\Users\\RedBox168\\Documents\\Projects\\undi-undi\\Document\\undi-undi\\node_modules\\ts-node\\src\\bin.ts:485:3)","exception":true,"date":"Thu Feb 13 2020 14:57:08 GMT+0700 (Western Indonesia Time)","process":{"pid":33084,"uid":null,"gid":null,"cwd":"C:\\Users\\RedBox168\\Documents\\Projects\\undi-undi\\Document\\undi-undi","execPath":"C:\\Program Files\\nodejs\\node.exe","version":"v12.14.1","argv":["C:\\Users\\RedBox168\\Documents\\Projects\\undi-undi\\Document\\undi-undi\\node_modules\\ts-node\\dist\\bin.js","C:\\Users\\RedBox168\\Documents\\Projects\\undi-undi\\Document\\undi-undi\\src\\index.ts"],"memoryUsage":{"rss":525021184,"heapTotal":220741632,"heapUsed":194467768,"external":2039673}},"os":{"loadavg":[0,0,0],"uptime":23927},"trace":[{"column":5,"file":"C:\\Users\\RedBox168\\Documents\\Projects\\undi-undi\\Document\\undi-undi\\src\\index.ts","function":null,"line":36,"method":null,"native":false},{"column":30,"file":"internal/modules/cjs/loader.js","function":"Module._compile","line":955,"method":"_compile","native":false},{"column":23,"file":"C:\\Users\\RedBox168\\Documents\\Projects\\undi-undi\\Document\\undi-undi\\node_modules\\ts-node\\src\\index.ts","function":"Module.m._compile","line":814,"method":"_compile","native":false},{"column":10,"file":"internal/modules/cjs/loader.js","function":"Module._extensions..js","line":991,"method":".js","native":false},{"column":12,"file":"C:\\Users\\RedBox168\\Documents\\Projects\\undi-undi\\Document\\undi-undi\\node_modules\\ts-node\\src\\index.ts","function":"Object.require.extensions.<computed> [as .ts]","line":817,"method":"ts]","native":false},{"column":32,"file":"internal/modules/cjs/loader.js","function":"Module.load","line":811,"method":"load","native":false},{"column":14,"file":"internal/modules/cjs/loader.js","function":"Module._load","line":723,"method":"_load","native":false},{"column":10,"file":"internal/modules/cjs/loader.js","function":"Module.runMain","line":1043,"method":"runMain","native":false},{"column":14,"file":"C:\\Users\\RedBox168\\Documents\\Projects\\undi-undi\\Document\\undi-undi\\node_modules\\ts-node\\src\\bin.ts","function":"main","line":226,"method":null,"native":false},{"column":3,"file":"C:\\Users\\RedBox168\\Documents\\Projects\\undi-undi\\Document\\undi-undi\\node_modules\\ts-node\\src\\bin.ts","function":null,"line":485,"method":null,"native":false}],"timestamp":"2020-02-13T07:57:08.886Z"}
{"error":{},"level":"error","message":"uncaughtException: winston.transports.File is not a constructor\nTypeError: winston.transports.File is not a constructor\n    at Object.<anonymous> (C:\\Users\\RedBox168\\Documents\\Projects\\undi-undi\\Document\\undi-undi\\src\\index.ts:36:5)\n    at Module._compile (internal/modules/cjs/loader.js:955:30)\n    at Module.m._compile (C:\\Users\\RedBox168\\Documents\\Projects\\undi-undi\\Document\\undi-undi\\node_modules\\ts-node\\src\\index.ts:814:23)\n    at Module._extensions..js (internal/modules/cjs/loader.js:991:10)\n    at Object.require.extensions.<computed> [as .ts] (C:\\Users\\RedBox168\\Documents\\Projects\\undi-undi\\Document\\undi-undi\\node_modules\\ts-node\\src\\index.ts:817:12)\n    at Module.load (internal/modules/cjs/loader.js:811:32)\n    at Function.Module._load (internal/modules/cjs/loader.js:723:14)\n    at Function.Module.runMain (internal/modules/cjs/loader.js:1043:10)\n    at main (C:\\Users\\RedBox168\\Documents\\Projects\\undi-undi\\Document\\undi-undi\\node_modules\\ts-node\\src\\bin.ts:226:14)\n    at Object.<anonymous> (C:\\Users\\RedBox168\\Documents\\Projects\\undi-undi\\Document\\undi-undi\\node_modules\\ts-node\\src\\bin.ts:485:3)","stack":"TypeError: winston.transports.File is not a constructor\n    at Object.<anonymous> (C:\\Users\\RedBox168\\Documents\\Projects\\undi-undi\\Document\\undi-undi\\src\\index.ts:36:5)\n    at Module._compile (internal/modules/cjs/loader.js:955:30)\n    at Module.m._compile (C:\\Users\\RedBox168\\Documents\\Projects\\undi-undi\\Document\\undi-undi\\node_modules\\ts-node\\src\\index.ts:814:23)\n    at Module._extensions..js (internal/modules/cjs/loader.js:991:10)\n    at Object.require.extensions.<computed> [as .ts] (C:\\Users\\RedBox168\\Documents\\Projects\\undi-undi\\Document\\undi-undi\\node_modules\\ts-node\\src\\index.ts:817:12)\n    at Module.load (internal/modules/cjs/loader.js:811:32)\n    at Function.Module._load (internal/modules/cjs/loader.js:723:14)\n    at Function.Module.runMain (internal/modules/cjs/loader.js:1043:10)\n    at main (C:\\Users\\RedBox168\\Documents\\Projects\\undi-undi\\Document\\undi-undi\\node_modules\\ts-node\\src\\bin.ts:226:14)\n    at Object.<anonymous> (C:\\Users\\RedBox168\\Documents\\Projects\\undi-undi\\Document\\undi-undi\\node_modules\\ts-node\\src\\bin.ts:485:3)","exception":true,"date":"Thu Feb 13 2020 15:01:13 GMT+0700 (Western Indonesia Time)","process":{"pid":21124,"uid":null,"gid":null,"cwd":"C:\\Users\\RedBox168\\Documents\\Projects\\undi-undi\\Document\\undi-undi","execPath":"C:\\Program Files\\nodejs\\node.exe","version":"v12.14.1","argv":["C:\\Users\\RedBox168\\Documents\\Projects\\undi-undi\\Document\\undi-undi\\node_modules\\ts-node\\dist\\bin.js","C:\\Users\\RedBox168\\Documents\\Projects\\undi-undi\\Document\\undi-undi\\src\\index.ts"],"memoryUsage":{"rss":710418432,"heapTotal":221003776,"heapUsed":193019096,"external":2047865}},"os":{"loadavg":[0,0,0],"uptime":24172},"trace":[{"column":5,"file":"C:\\Users\\RedBox168\\Documents\\Projects\\undi-undi\\Document\\undi-undi\\src\\index.ts","function":null,"line":36,"method":null,"native":false},{"column":30,"file":"internal/modules/cjs/loader.js","function":"Module._compile","line":955,"method":"_compile","native":false},{"column":23,"file":"C:\\Users\\RedBox168\\Documents\\Projects\\undi-undi\\Document\\undi-undi\\node_modules\\ts-node\\src\\index.ts","function":"Module.m._compile","line":814,"method":"_compile","native":false},{"column":10,"file":"internal/modules/cjs/loader.js","function":"Module._extensions..js","line":991,"method":".js","native":false},{"column":12,"file":"C:\\Users\\RedBox168\\Documents\\Projects\\undi-undi\\Document\\undi-undi\\node_modules\\ts-node\\src\\index.ts","function":"Object.require.extensions.<computed> [as .ts]","line":817,"method":"ts]","native":false},{"column":32,"file":"internal/modules/cjs/loader.js","function":"Module.load","line":811,"method":"load","native":false},{"column":14,"file":"internal/modules/cjs/loader.js","function":"Module._load","line":723,"method":"_load","native":false},{"column":10,"file":"internal/modules/cjs/loader.js","function":"Module.runMain","line":1043,"method":"runMain","native":false},{"column":14,"file":"C:\\Users\\RedBox168\\Documents\\Projects\\undi-undi\\Document\\undi-undi\\node_modules\\ts-node\\src\\bin.ts","function":"main","line":226,"method":null,"native":false},{"column":3,"file":"C:\\Users\\RedBox168\\Documents\\Projects\\undi-undi\\Document\\undi-undi\\node_modules\\ts-node\\src\\bin.ts","function":null,"line":485,"method":null,"native":false}],"timestamp":"2020-02-13T08:01:13.803Z"}
{"error":{},"level":"error","message":"uncaughtException: winston.transports.File is not a constructor\nTypeError: winston.transports.File is not a constructor\n    at Object.<anonymous> (C:\\Users\\RedBox168\\Documents\\Projects\\undi-undi\\Document\\undi-undi\\src\\index.ts:36:5)\n    at Module._compile (internal/modules/cjs/loader.js:955:30)\n    at Module.m._compile (C:\\Users\\RedBox168\\Documents\\Projects\\undi-undi\\Document\\undi-undi\\node_modules\\ts-node\\src\\index.ts:814:23)\n    at Module._extensions..js (internal/modules/cjs/loader.js:991:10)\n    at Object.require.extensions.<computed> [as .ts] (C:\\Users\\RedBox168\\Documents\\Projects\\undi-undi\\Document\\undi-undi\\node_modules\\ts-node\\src\\index.ts:817:12)\n    at Module.load (internal/modules/cjs/loader.js:811:32)\n    at Function.Module._load (internal/modules/cjs/loader.js:723:14)\n    at Function.Module.runMain (internal/modules/cjs/loader.js:1043:10)\n    at main (C:\\Users\\RedBox168\\Documents\\Projects\\undi-undi\\Document\\undi-undi\\node_modules\\ts-node\\src\\bin.ts:226:14)\n    at Object.<anonymous> (C:\\Users\\RedBox168\\Documents\\Projects\\undi-undi\\Document\\undi-undi\\node_modules\\ts-node\\src\\bin.ts:485:3)","stack":"TypeError: winston.transports.File is not a constructor\n    at Object.<anonymous> (C:\\Users\\RedBox168\\Documents\\Projects\\undi-undi\\Document\\undi-undi\\src\\index.ts:36:5)\n    at Module._compile (internal/modules/cjs/loader.js:955:30)\n    at Module.m._compile (C:\\Users\\RedBox168\\Documents\\Projects\\undi-undi\\Document\\undi-undi\\node_modules\\ts-node\\src\\index.ts:814:23)\n    at Module._extensions..js (internal/modules/cjs/loader.js:991:10)\n    at Object.require.extensions.<computed> [as .ts] (C:\\Users\\RedBox168\\Documents\\Projects\\undi-undi\\Document\\undi-undi\\node_modules\\ts-node\\src\\index.ts:817:12)\n    at Module.load (internal/modules/cjs/loader.js:811:32)\n    at Function.Module._load (internal/modules/cjs/loader.js:723:14)\n    at Function.Module.runMain (internal/modules/cjs/loader.js:1043:10)\n    at main (C:\\Users\\RedBox168\\Documents\\Projects\\undi-undi\\Document\\undi-undi\\node_modules\\ts-node\\src\\bin.ts:226:14)\n    at Object.<anonymous> (C:\\Users\\RedBox168\\Documents\\Projects\\undi-undi\\Document\\undi-undi\\node_modules\\ts-node\\src\\bin.ts:485:3)","exception":true,"date":"Thu Feb 13 2020 15:01:39 GMT+0700 (Western Indonesia Time)","process":{"pid":10872,"uid":null,"gid":null,"cwd":"C:\\Users\\RedBox168\\Documents\\Projects\\undi-undi\\Document\\undi-undi","execPath":"C:\\Program Files\\nodejs\\node.exe","version":"v12.14.1","argv":["C:\\Users\\RedBox168\\Documents\\Projects\\undi-undi\\Document\\undi-undi\\node_modules\\ts-node\\dist\\bin.js","C:\\Users\\RedBox168\\Documents\\Projects\\undi-undi\\Document\\undi-undi\\src\\index.ts"],"memoryUsage":{"rss":654442496,"heapTotal":220741632,"heapUsed":194680256,"external":2039673}},"os":{"loadavg":[0,0,0],"uptime":24198},"trace":[{"column":5,"file":"C:\\Users\\RedBox168\\Documents\\Projects\\undi-undi\\Document\\undi-undi\\src\\index.ts","function":null,"line":36,"method":null,"native":false},{"column":30,"file":"internal/modules/cjs/loader.js","function":"Module._compile","line":955,"method":"_compile","native":false},{"column":23,"file":"C:\\Users\\RedBox168\\Documents\\Projects\\undi-undi\\Document\\undi-undi\\node_modules\\ts-node\\src\\index.ts","function":"Module.m._compile","line":814,"method":"_compile","native":false},{"column":10,"file":"internal/modules/cjs/loader.js","function":"Module._extensions..js","line":991,"method":".js","native":false},{"column":12,"file":"C:\\Users\\RedBox168\\Documents\\Projects\\undi-undi\\Document\\undi-undi\\node_modules\\ts-node\\src\\index.ts","function":"Object.require.extensions.<computed> [as .ts]","line":817,"method":"ts]","native":false},{"column":32,"file":"internal/modules/cjs/loader.js","function":"Module.load","line":811,"method":"load","native":false},{"column":14,"file":"internal/modules/cjs/loader.js","function":"Module._load","line":723,"method":"_load","native":false},{"column":10,"file":"internal/modules/cjs/loader.js","function":"Module.runMain","line":1043,"method":"runMain","native":false},{"column":14,"file":"C:\\Users\\RedBox168\\Documents\\Projects\\undi-undi\\Document\\undi-undi\\node_modules\\ts-node\\src\\bin.ts","function":"main","line":226,"method":null,"native":false},{"column":3,"file":"C:\\Users\\RedBox168\\Documents\\Projects\\undi-undi\\Document\\undi-undi\\node_modules\\ts-node\\src\\bin.ts","function":null,"line":485,"method":null,"native":false}],"timestamp":"2020-02-13T08:01:39.959Z"}
{"message":"::1 - - [13/Feb/2020:08:03:53 +0000] \"GET /api-docs/ HTTP/1.1\" 304 - \"-\" \"Mozilla/5.0 (Windows NT 10.0; Win64; x64) AppleWebKit/537.36 (KHTML, like Gecko) Chrome/80.0.3987.100 Safari/537.36\"\n","level":"info","timestamp":"2020-02-13T08:03:53.245Z"}
{"message":"::1 - - [13/Feb/2020:08:03:53 +0000] \"GET /api-docs/swagger-ui.css HTTP/1.1\" 304 - \"http://localhost:5001/api-docs/\" \"Mozilla/5.0 (Windows NT 10.0; Win64; x64) AppleWebKit/537.36 (KHTML, like Gecko) Chrome/80.0.3987.100 Safari/537.36\"\n","level":"info","timestamp":"2020-02-13T08:03:53.281Z"}
{"message":"::1 - - [13/Feb/2020:08:03:53 +0000] \"GET /api-docs/swagger-ui-bundle.js HTTP/1.1\" 304 - \"http://localhost:5001/api-docs/\" \"Mozilla/5.0 (Windows NT 10.0; Win64; x64) AppleWebKit/537.36 (KHTML, like Gecko) Chrome/80.0.3987.100 Safari/537.36\"\n","level":"info","timestamp":"2020-02-13T08:03:53.287Z"}
{"message":"::1 - - [13/Feb/2020:08:03:53 +0000] \"GET /api-docs/swagger-ui-init.js HTTP/1.1\" 304 - \"http://localhost:5001/api-docs/\" \"Mozilla/5.0 (Windows NT 10.0; Win64; x64) AppleWebKit/537.36 (KHTML, like Gecko) Chrome/80.0.3987.100 Safari/537.36\"\n","level":"info","timestamp":"2020-02-13T08:03:53.305Z"}
{"message":"::1 - - [13/Feb/2020:08:03:53 +0000] \"GET /api-docs/swagger-ui-standalone-preset.js HTTP/1.1\" 304 - \"http://localhost:5001/api-docs/\" \"Mozilla/5.0 (Windows NT 10.0; Win64; x64) AppleWebKit/537.36 (KHTML, like Gecko) Chrome/80.0.3987.100 Safari/537.36\"\n","level":"info","timestamp":"2020-02-13T08:03:53.307Z"}
{"message":"::1 - - [13/Feb/2020:08:03:54 +0000] \"GET /api-docs/favicon-32x32.png HTTP/1.1\" 200 628 \"http://localhost:5001/api-docs/\" \"Mozilla/5.0 (Windows NT 10.0; Win64; x64) AppleWebKit/537.36 (KHTML, like Gecko) Chrome/80.0.3987.100 Safari/537.36\"\n","level":"info","timestamp":"2020-02-13T08:03:54.087Z"}
info: Hello there. How are you? {"label":"[my-label]","timestamp":"2020-02-13 15:08:50"}
info: Hello there. How are you? {"label":"[my-label]","timestamp":"2020-02-13 15:09:52"}
info: Hello there. How are you? {"label":"[my-label]","timestamp":"2020-02-13 15:10:51"}
{
  level: 'info',
  message: 'What time is the testing at?',
  label: 'right meow!',
  timestamp: '2020-02-13T09:16:23.978Z'
}
{
  level: 'info',
  message: 'What time is the testing at?',
  timestamp: '2020-02-13T09:17:35.875Z'
}
{
  level: 'info',
  message: 'What time is the testing at?',
  timestamp: '2020-02-13T09:18:05.768Z'
}
{
  level: 'info',
  message: 'What time is the testing at?',
  timestamp: '2020-02-13T09:18:46.677Z'
}
{
  level: 'info',
  message: 'What time is the testing at?',
  timestamp: '2020-02-13T09:27:53.428Z'
}
{
  level: 'info',
  message: 'What time is the testing at?',
  timestamp: '2020-02-13T09:28:14.472Z'
}
{
  level: 'info',
  message: 'What time is the testing at?',
  timestamp: '2020-02-13T09:28:29.945Z'
}
{
  level: 'info',
  message: 'What time is the testing at?',
  timestamp: '2020-02-13T11:28:21.886Z'
}
{
  level: 'info',
  message: 'What time is the testing at?',
  timestamp: '2020-02-13T11:39:30.688Z'
}
{
  level: 'info',
  message: 'What time is the testing at?',
  timestamp: '2020-02-13T11:40:06.108Z'
}
{
  level: 'info',
  message: 'What time is the testing at?',
  timestamp: '2020-02-13T11:40:51.291Z'
}
{
  level: 'info',
  message: 'What time is the testing at?',
  timestamp: '2020-02-13T11:47:37.814Z'
}
